<?xml version='1.0' encoding='UTF-8' ?>
<testsuite name="com.example.helloworld.ExampleInstrumentedTest" tests="1" failures="1" errors="0" skipped="0" time="3.196" timestamp="2022-04-05T07:19:52" hostname="localhost">
  <properties>
    <property name="device" value="Pixel_4_API_30(AVD) - 11" />
    <property name="flavor" value="" />
    <property name="project" value="app" />
  </properties>
  <testcase name="checkView" classname="com.example.helloworld.ExampleInstrumentedTest" time="1.907">
    <failure>androidx.test.espresso.base.DefaultFailureHandler$AssertionFailedWithCauseError: 'an instance of android.widget.TextView and view.getText() with or without transformation to match: is "Hello Worlddd!"' doesn't match the selected view.
Expected: an instance of android.widget.TextView and view.getText() with or without transformation to match: is "Hello Worlddd!"
Got: view.getText() was "Hello World!" transformed text was "Hello World!"
View Details: MaterialTextView{id=2131231149, res-name=textView, visibility=VISIBLE, width=210, height=53, has-focus=false, has-focusable=false, has-window-focus=true, is-clickable=false, is-enabled=true, is-focused=false, is-focusable=false, is-layout-requested=false, is-selected=false, layout-params=androidx.constraintlayout.widget.ConstraintLayout$LayoutParams&#64;d49a012, tag=null, root-is-layout-requested=false, has-input-connection=false, x=435.0, y=885.0, text=Hello World!, input-type=0, ime-target=false, has-links=false}

at dalvik.system.VMStack.getThreadStackTrace(Native Method)
at java.lang.Thread.getStackTrace(Thread.java:1736)
at androidx.test.espresso.base.DefaultFailureHandler.getUserFriendlyError(DefaultFailureHandler.java:12)
at androidx.test.espresso.base.DefaultFailureHandler.handle(DefaultFailureHandler.java:7)
at androidx.test.espresso.ViewInteraction.waitForAndHandleInteractionResults(ViewInteraction.java:5)
at androidx.test.espresso.ViewInteraction.check(ViewInteraction.java:12)
at com.example.helloworld.ExampleInstrumentedTest.checkView(ExampleInstrumentedTest.java:57)
... 29 trimmed
Caused by: junit.framework.AssertionFailedError: 'an instance of android.widget.TextView and view.getText() with or without transformation to match: is "Hello Worlddd!"' doesn't match the selected view.
Expected: an instance of android.widget.TextView and view.getText() with or without transformation to match: is "Hello Worlddd!"
Got: view.getText() was "Hello World!" transformed text was "Hello World!"
View Details: MaterialTextView{id=2131231149, res-name=textView, visibility=VISIBLE, width=210, height=53, has-focus=false, has-focusable=false, has-window-focus=true, is-clickable=false, is-enabled=true, is-focused=false, is-focusable=false, is-layout-requested=false, is-selected=false, layout-params=androidx.constraintlayout.widget.ConstraintLayout$LayoutParams&#64;d49a012, tag=null, root-is-layout-requested=false, has-input-connection=false, x=435.0, y=885.0, text=Hello World!, input-type=0, ime-target=false, has-links=false}

at androidx.test.espresso.matcher.ViewMatchers.assertThat(ViewMatchers.java:16)
at androidx.test.espresso.assertion.ViewAssertions$MatchesViewAssertion.check(ViewAssertions.java:11)
at androidx.test.espresso.ViewInteraction$SingleExecutionViewAssertion.check(ViewInteraction.java:2)
at androidx.test.espresso.ViewInteraction$2.call(ViewInteraction.java:12)
at androidx.test.espresso.ViewInteraction$2.call(ViewInteraction.java:1)
at java.util.concurrent.FutureTask.run(FutureTask.java:266)
at android.os.Handler.handleCallback(Handler.java:938)
at android.os.Handler.dispatchMessage(Handler.java:99)
at android.os.Looper.loop(Looper.java:223)
at android.app.ActivityThread.main(ActivityThread.java:7656)
at java.lang.reflect.Method.invoke(Native Method)
at com.android.internal.os.RuntimeInit$MethodAndArgsCaller.run(RuntimeInit.java:592)
at com.android.internal.os.ZygoteInit.main(ZygoteInit.java:947)
</failure>
  </testcase>
</testsuite>